<?xml version="1.0" encoding="UTF-8"?>
<testsuite name="diplomas.TestsPaymentCard" tests="1" skipped="0" failures="0" errors="0" timestamp="2023-10-23T17:32:22" hostname="VISENS" time="6.577">
  <properties/>
  <testcase name="shouldPayByApprovedCardInBD()" classname="diplomas.TestsPaymentCard" time="6.577"/>
  <system-out><![CDATA[]]></system-out>
  <system-err><![CDATA[SLF4J: No SLF4J providers were found.
SLF4J: Defaulting to no-operation (NOP) logger implementation
SLF4J: See https://www.slf4j.org/codes.html#noProviders for further details.
окт. 23, 2023 9:32:24 PM org.openqa.selenium.devtools.CdpVersionFinder findNearestMatch
WARNING: Unable to find an exact match for CDP version 118, so returning the closest version found: 115
]]></system-err>
</testsuite>
